<?xml version="1.0" encoding="UTF-8"?>
<testsuite xmlns:xsi="http://www.w3.org/2001/XMLSchema-instance" xsi:noNamespaceSchemaLocation="https://maven.apache.org/surefire/maven-surefire-plugin/xsd/surefire-test-report.xsd" version="3.0.2" name="com.example.backend_authentication.BackendAuthenticationApplicationTests" time="1.657" tests="1" errors="0" skipped="0" failures="0">
  <properties>
[...]
</properties>
  <testcase name="contextLoads" classname="com.example.backend_authentication.BackendAuthenticationApplicationTests" time="0.415">
    <system-out><![CDATA[13:15:59.942 [main] INFO org.springframework.test.context.support.AnnotationConfigContextLoaderUtils -- Could not detect default configuration classes for test class [com.example.backend_authentication.BackendAuthenticationApplicationTests]: BackendAuthenticationApplicationTests does not declare any static, non-private, non-final, nested classes annotated with @Configuration.
13:15:59.992 [main] INFO org.springframework.boot.test.context.SpringBootTestContextBootstrapper -- Found @SpringBootConfiguration com.example.backend_authentication.BackendAuthenticationApplication for test class com.example.backend_authentication.BackendAuthenticationApplicationTests

  .   ____          _            __ _ _
 /\\ / ___'_ __ _ _(_)_ __  __ _ \ \ \ \
( ( )\___ | '_ | '_| | '_ \/ _` | \ \ \ \
 \\/  ___)| |_)| | | | | || (_| |  ) ) ) )
  '  |____| .__|_| |_|_| |_\__, | / / / /
 =========|_|==============|___/=/_/_/_/

 :: Spring Boot ::                (v3.4.2)

2025-01-24T13:16:00.219-06:00  INFO 22483 --- [backend-authentication] [           main] .b.BackendAuthenticationApplicationTests : Starting BackendAuthenticationApplicationTests using Java 21.0.6 with PID 22483 (started by vedantnibandhe in /Users/vedantnibandhe/Downloads/backend-authentication)
2025-01-24T13:16:00.219-06:00  INFO 22483 --- [backend-authentication] [           main] .b.BackendAuthenticationApplicationTests : No active profile set, falling back to 1 default profile: "default"
2025-01-24T13:16:01.005-06:00  WARN 22483 --- [backend-authentication] [           main] .s.s.UserDetailsServiceAutoConfiguration : 

Using generated security password: 1c32b9f1-de72-48d3-8c1a-21bf241f640d

This generated password is for development use only. Your security configuration must be updated before running your application in production.

2025-01-24T13:16:01.016-06:00  INFO 22483 --- [backend-authentication] [           main] r$InitializeUserDetailsManagerConfigurer : Global AuthenticationManager configured with UserDetailsService bean with name inMemoryUserDetailsManager
2025-01-24T13:16:01.094-06:00  INFO 22483 --- [backend-authentication] [           main] .b.BackendAuthenticationApplicationTests : Started BackendAuthenticationApplicationTests in 1.021 seconds (process running for 1.486)
]]></system-out>
    <system-err><![CDATA[Mockito is currently self-attaching to enable the inline-mock-maker. This will no longer work in future releases of the JDK. Please add Mockito as an agent to your build what is described in Mockito's documentation: https://javadoc.io/doc/org.mockito/mockito-core/latest/org/mockito/Mockito.html#0.3
WARNING: A Java agent has been loaded dynamically (/Users/vedantnibandhe/.m2/repository/net/bytebuddy/byte-buddy-agent/1.15.11/byte-buddy-agent-1.15.11.jar)
WARNING: If a serviceability tool is in use, please run with -XX:+EnableDynamicAgentLoading to hide this warning
WARNING: If a serviceability tool is not in use, please run with -Djdk.instrument.traceUsage for more information
WARNING: Dynamic loading of agents will be disallowed by default in a future release
]]></system-err>
  </testcase>
</testsuite>